Warning messages:
1: package ‘ggplot2’ was built under R version 4.2.3 
2: package ‘readr’ was built under R version 4.2.3 
3: package ‘dplyr’ was built under R version 4.2.3 
[INFO] Reading file: results/NA06994.regions.bed.gz 
[INFO] Calculating coverage statistics...
[INFO] Summary written to: results/exploratory_analysis_coverage.csv 
========== Coverage Summary ==========
                           metric      value
1                      Mean Depth   64.16930
2                   Minimum Depth    0.00000
3                   Maximum Depth 3371.81000
4 Regions with Coverage ≥ 10x (%)   71.76290
5 Regions with Coverage ≥ 30x (%)   61.21708
======================================
[INFO] Generating histogram plot...
Warning message:
Using `size` aesthetic for lines was deprecated in ggplot2 3.4.0.
ℹ Please use `linewidth` instead. 
[INFO] Histogram saved to: results/histogram_coverage.png 
