Analysis started on Fri May 30 11:16:54 2025

Opening Input Files
Opening BAM file data/NA06994.alt_bwamem_GRCh38DH.20150826.CEU.exome.bam
Reading header Records
--selfOnly option applied : finding sample ID NA06994 from VCF file
Opening VCF file data/hapmap_filtered.vcf.gz
Total of 0 out of 1 individuals successfully matched IDs
Reading 10000 markers from VCF file
Reading 20000 markers from VCF file
Reading 30000 markers from VCF file
Reading 40000 markers from VCF file
Reading 50000 markers from VCF file
Reading 60000 markers from VCF file
Reading 70000 markers from VCF file
Reading 80000 markers from VCF file
Reading 90000 markers from VCF file
Reading 100000 markers from VCF file
Reading 110000 markers from VCF file
Reading 120000 markers from VCF file
Reading 130000 markers from VCF file
Reading 140000 markers from VCF file
Reading 150000 markers from VCF file
Reading 160000 markers from VCF file
Reading 170000 markers from VCF file
Reading 180000 markers from VCF file
Reading 190000 markers from VCF file
Reading 200000 markers from VCF file
Reading 210000 markers from VCF file
Reading 220000 markers from VCF file
Reading 230000 markers from VCF file
Reading 240000 markers from VCF file
Reading 250000 markers from VCF file
Reading 260000 markers from VCF file
Reading 270000 markers from VCF file
Reading 280000 markers from VCF file
Reading 290000 markers from VCF file
Reading 300000 markers from VCF file
Reading 310000 markers from VCF file
Reading 320000 markers from VCF file
Reading 330000 markers from VCF file
Reading 340000 markers from VCF file
Reading 350000 markers from VCF file
Reading 360000 markers from VCF file
Reading 370000 markers from VCF file
Reading 380000 markers from VCF file
Reading 390000 markers from VCF file
Reading 400000 markers from VCF file
Reading 410000 markers from VCF file
Reading 420000 markers from VCF file
Reading 430000 markers from VCF file
Reading 440000 markers from VCF file
Reading 450000 markers from VCF file
Reading 460000 markers from VCF file
Reading 470000 markers from VCF file
Reading 480000 markers from VCF file
Reading 490000 markers from VCF file
Reading 500000 markers from VCF file
Reading 510000 markers from VCF file
Reading 520000 markers from VCF file
Reading 530000 markers from VCF file
Reading 540000 markers from VCF file
Reading 550000 markers from VCF file
Reading 560000 markers from VCF file
Reading 570000 markers from VCF file
Reading 580000 markers from VCF file
Reading 590000 markers from VCF file
Reading 600000 markers from VCF file
Reading 610000 markers from VCF file
Reading 620000 markers from VCF file
Reading 630000 markers from VCF file
Reading 640000 markers from VCF file
Reading 650000 markers from VCF file
Reading 660000 markers from VCF file
Reading 670000 markers from VCF file
Reading 680000 markers from VCF file
Reading 690000 markers from VCF file
Reading 700000 markers from VCF file
Reading 710000 markers from VCF file
Reading 720000 markers from VCF file
Reading 730000 markers from VCF file
Reading 740000 markers from VCF file
Reading 750000 markers from VCF file
Reading 760000 markers from VCF file
Reading 770000 markers from VCF file
Reading 780000 markers from VCF file
Reading 790000 markers from VCF file
Reading 800000 markers from VCF file
Reading 810000 markers from VCF file
Reading 820000 markers from VCF file
Reading 830000 markers from VCF file
Reading 840000 markers from VCF file
Reading 850000 markers from VCF file
Reading 860000 markers from VCF file
Reading 870000 markers from VCF file
Reading 880000 markers from VCF file
Reading 890000 markers from VCF file
Reading 900000 markers from VCF file
Reading 910000 markers from VCF file
Reading 920000 markers from VCF file
Reading 930000 markers from VCF file
Reading 940000 markers from VCF file
Reading 950000 markers from VCF file
Reading 960000 markers from VCF file
Reading 970000 markers from VCF file
Reading 980000 markers from VCF file
Reading 990000 markers from VCF file
Reading 1000000 markers from VCF file
Reading 1010000 markers from VCF file
Reading 1020000 markers from VCF file
Reading 1030000 markers from VCF file
Reading 1040000 markers from VCF file
Reading 1050000 markers from VCF file
Reading 1060000 markers from VCF file
Reading 1070000 markers from VCF file
Reading 1080000 markers from VCF file
Reading 1090000 markers from VCF file
Reading 1100000 markers from VCF file
Reading 1110000 markers from VCF file
Reading 1120000 markers from VCF file
Reading 1130000 markers from VCF file
Reading 1140000 markers from VCF file
Reading 1150000 markers from VCF file
Reading 1160000 markers from VCF file
Reading 1170000 markers from VCF file
Reading 1180000 markers from VCF file
Reading 1190000 markers from VCF file
Reading 1200000 markers from VCF file
Reading 1210000 markers from VCF file
Reading 1220000 markers from VCF file
Reading 1230000 markers from VCF file
Reading 1240000 markers from VCF file
Reading 1250000 markers from VCF file
Reading 1260000 markers from VCF file
Reading 1270000 markers from VCF file
Reading 1280000 markers from VCF file
Reading 1290000 markers from VCF file
Reading 1300000 markers from VCF file
Reading 1310000 markers from VCF file
Reading 1320000 markers from VCF file
Reading 1330000 markers from VCF file
Reading 1340000 markers from VCF file
Reading 1350000 markers from VCF file
Reading 1360000 markers from VCF file
Reading 1370000 markers from VCF file
Reading 1380000 markers from VCF file
Reading 1390000 markers from VCF file
Reading 1400000 markers from VCF file
Reading 1410000 markers from VCF file
Reading 1420000 markers from VCF file
Reading 1430000 markers from VCF file
Reading 1440000 markers from VCF file
Reading 1450000 markers from VCF file
Reading 1460000 markers from VCF file
Reading 1470000 markers from VCF file
Reading 1480000 markers from VCF file
Reading 1490000 markers from VCF file
Reading 1500000 markers from VCF file
Reading 1510000 markers from VCF file
Reading 1520000 markers from VCF file
Reading 1530000 markers from VCF file
Reading 1540000 markers from VCF file
Reading 1550000 markers from VCF file
Reading 1560000 markers from VCF file
Reading 1570000 markers from VCF file
Reading 1580000 markers from VCF file
Reading 1590000 markers from VCF file
Reading 1600000 markers from VCF file
Reading 1610000 markers from VCF file
Reading 1620000 markers from VCF file
Reading 1630000 markers from VCF file
Reading 1640000 markers from VCF file
Reading 1650000 markers from VCF file
Reading 1660000 markers from VCF file
Reading 1670000 markers from VCF file
Reading 1680000 markers from VCF file
Reading 1690000 markers from VCF file
Reading 1700000 markers from VCF file
Reading 1710000 markers from VCF file
Reading 1720000 markers from VCF file
Reading 1730000 markers from VCF file
Reading 1740000 markers from VCF file
Reading 1750000 markers from VCF file
Reading 1760000 markers from VCF file
Reading 1770000 markers from VCF file
Reading 1780000 markers from VCF file
Reading 1790000 markers from VCF file
Reading 1800000 markers from VCF file
Reading 1810000 markers from VCF file
Reading 1820000 markers from VCF file
Reading 1830000 markers from VCF file
Reading 1840000 markers from VCF file
Reading 1850000 markers from VCF file
Reading 1860000 markers from VCF file
Reading 1870000 markers from VCF file
Reading 1880000 markers from VCF file
Reading 1890000 markers from VCF file
Reading 1900000 markers from VCF file
Reading 1910000 markers from VCF file
Reading 1920000 markers from VCF file
Reading 1930000 markers from VCF file
Reading 1940000 markers from VCF file
Reading 1950000 markers from VCF file
Reading 1960000 markers from VCF file
Reading 1970000 markers from VCF file
Reading 1980000 markers from VCF file
Reading 1990000 markers from VCF file
Reading 2000000 markers from VCF file
Reading 2010000 markers from VCF file
Reading 2020000 markers from VCF file
Reading 2030000 markers from VCF file
Reading 2040000 markers from VCF file
Reading 2050000 markers from VCF file
Reading 2060000 markers from VCF file
Reading 2070000 markers from VCF file
Reading 2080000 markers from VCF file
Reading 2090000 markers from VCF file
Reading 2100000 markers from VCF file
Reading 2110000 markers from VCF file
Reading 2120000 markers from VCF file
Reading 2130000 markers from VCF file
Reading 2140000 markers from VCF file
Reading 2150000 markers from VCF file
Reading 2160000 markers from VCF file
Reading 2170000 markers from VCF file
Reading 2180000 markers from VCF file
Reading 2190000 markers from VCF file
Reading 2200000 markers from VCF file
Reading 2210000 markers from VCF file
Reading 2220000 markers from VCF file
Reading 2230000 markers from VCF file
Reading 2240000 markers from VCF file
Reading 2250000 markers from VCF file
Reading 2260000 markers from VCF file
Reading 2270000 markers from VCF file
Reading 2280000 markers from VCF file
Reading 2290000 markers from VCF file
Reading 2300000 markers from VCF file
Reading 2310000 markers from VCF file
Reading 2320000 markers from VCF file
Reading 2330000 markers from VCF file
Reading 2340000 markers from VCF file
Reading 2350000 markers from VCF file
Reading 2360000 markers from VCF file
Reading 2370000 markers from VCF file
Reading 2380000 markers from VCF file
Reading 2390000 markers from VCF file
Reading 2400000 markers from VCF file
Reading 2410000 markers from VCF file
Reading 2420000 markers from VCF file
Reading 2430000 markers from VCF file
Reading 2440000 markers from VCF file
Reading 2450000 markers from VCF file
Reading 2460000 markers from VCF file
Reading 2470000 markers from VCF file
Reading 2480000 markers from VCF file
Reading 2490000 markers from VCF file
Reading 2500000 markers from VCF file
Reading 2510000 markers from VCF file
Reading 2520000 markers from VCF file
Reading 2530000 markers from VCF file
Reading 2540000 markers from VCF file
Reading 2550000 markers from VCF file
Reading 2560000 markers from VCF file
Reading 2570000 markers from VCF file
Reading 2580000 markers from VCF file
Reading 2590000 markers from VCF file
Reading 2600000 markers from VCF file
Reading 2610000 markers from VCF file
Reading 2620000 markers from VCF file
Reading 2630000 markers from VCF file
Reading 2640000 markers from VCF file
Reading 2650000 markers from VCF file
Reading 2660000 markers from VCF file
Reading 2670000 markers from VCF file
Reading 2680000 markers from VCF file
Reading 2690000 markers from VCF file
Reading 2700000 markers from VCF file
Reading 2710000 markers from VCF file
Reading 2720000 markers from VCF file
Reading 2730000 markers from VCF file
Reading 2740000 markers from VCF file
Reading 2750000 markers from VCF file
Reading 2760000 markers from VCF file
Skipping no-autosomal marker chrX:233451
Skipping no-autosomal marker chrX:238008
Skipping no-autosomal marker chrX:238086
Skipping no-autosomal marker chrX:253138
Skipping no-autosomal marker chrX:253255
Reading 2770000 markers from VCF file
Reading 2780000 markers from VCF file
Reading 2790000 markers from VCF file
Reading 2800000 markers from VCF file
Reading 2810000 markers from VCF file
Reading 2820000 markers from VCF file
Reading 2830000 markers from VCF file
Reading 2840000 markers from VCF file
Finished reading 2846735 markers from VCF file
Total of 2768356 informative markers passed after AF >= 0.010000 and callRate >= 0.500000 threshold
Reading BAM file data/NA06994.alt_bwamem_GRCh38DH.20150826.CEU.exome.bam
Extracting read information in 10000 markers from BAM file
Extracting read information in 20000 markers from BAM file
Extracting read information in 30000 markers from BAM file
Extracting read information in 40000 markers from BAM file
Extracting read information in 50000 markers from BAM file
Extracting read information in 60000 markers from BAM file
Extracting read information in 70000 markers from BAM file
Extracting read information in 80000 markers from BAM file
Extracting read information in 90000 markers from BAM file
Extracting read information in 100000 markers from BAM file
Extracting read information in 110000 markers from BAM file
Extracting read information in 120000 markers from BAM file
Extracting read information in 130000 markers from BAM file
Extracting read information in 140000 markers from BAM file
Extracting read information in 150000 markers from BAM file
Extracting read information in 160000 markers from BAM file
Extracting read information in 170000 markers from BAM file
Extracting read information in 180000 markers from BAM file
Extracting read information in 190000 markers from BAM file
Extracting read information in 200000 markers from BAM file
Extracting read information in 210000 markers from BAM file
Extracting read information in 220000 markers from BAM file
Extracting read information in 230000 markers from BAM file
Extracting read information in 240000 markers from BAM file
Extracting read information in 250000 markers from BAM file
Extracting read information in 260000 markers from BAM file
Extracting read information in 270000 markers from BAM file
Extracting read information in 280000 markers from BAM file
Extracting read information in 290000 markers from BAM file
Extracting read information in 300000 markers from BAM file
Extracting read information in 310000 markers from BAM file
Extracting read information in 320000 markers from BAM file
Extracting read information in 330000 markers from BAM file
Extracting read information in 340000 markers from BAM file
Extracting read information in 350000 markers from BAM file
Extracting read information in 360000 markers from BAM file
Extracting read information in 370000 markers from BAM file
Extracting read information in 380000 markers from BAM file
Extracting read information in 390000 markers from BAM file
Extracting read information in 400000 markers from BAM file
Extracting read information in 410000 markers from BAM file
Extracting read information in 420000 markers from BAM file
Extracting read information in 430000 markers from BAM file
Extracting read information in 440000 markers from BAM file
Extracting read information in 450000 markers from BAM file
Extracting read information in 460000 markers from BAM file
Extracting read information in 470000 markers from BAM file
Extracting read information in 480000 markers from BAM file
Extracting read information in 490000 markers from BAM file
Extracting read information in 500000 markers from BAM file
Extracting read information in 510000 markers from BAM file
Extracting read information in 520000 markers from BAM file
Extracting read information in 530000 markers from BAM file
Extracting read information in 540000 markers from BAM file
Extracting read information in 550000 markers from BAM file
Extracting read information in 560000 markers from BAM file
Extracting read information in 570000 markers from BAM file
Extracting read information in 580000 markers from BAM file
Extracting read information in 590000 markers from BAM file
Extracting read information in 600000 markers from BAM file
Extracting read information in 610000 markers from BAM file
Extracting read information in 620000 markers from BAM file
Extracting read information in 630000 markers from BAM file
Extracting read information in 640000 markers from BAM file
Extracting read information in 650000 markers from BAM file
Extracting read information in 660000 markers from BAM file
Extracting read information in 670000 markers from BAM file
Extracting read information in 680000 markers from BAM file
Extracting read information in 690000 markers from BAM file
Extracting read information in 700000 markers from BAM file
Extracting read information in 710000 markers from BAM file
Extracting read information in 720000 markers from BAM file
Extracting read information in 730000 markers from BAM file
Extracting read information in 740000 markers from BAM file
Extracting read information in 750000 markers from BAM file
Extracting read information in 760000 markers from BAM file
Extracting read information in 770000 markers from BAM file
Extracting read information in 780000 markers from BAM file
Extracting read information in 790000 markers from BAM file
Extracting read information in 800000 markers from BAM file
Extracting read information in 810000 markers from BAM file
Extracting read information in 820000 markers from BAM file
Extracting read information in 830000 markers from BAM file
Extracting read information in 840000 markers from BAM file
Extracting read information in 850000 markers from BAM file
Extracting read information in 860000 markers from BAM file
Extracting read information in 870000 markers from BAM file
Extracting read information in 880000 markers from BAM file
Extracting read information in 890000 markers from BAM file
Extracting read information in 900000 markers from BAM file
Extracting read information in 910000 markers from BAM file
Extracting read information in 920000 markers from BAM file
Extracting read information in 930000 markers from BAM file
Extracting read information in 940000 markers from BAM file
Extracting read information in 950000 markers from BAM file
Extracting read information in 960000 markers from BAM file
Extracting read information in 970000 markers from BAM file
Extracting read information in 980000 markers from BAM file
Extracting read information in 990000 markers from BAM file
Extracting read information in 1000000 markers from BAM file
Extracting read information in 1010000 markers from BAM file
Extracting read information in 1020000 markers from BAM file
Extracting read information in 1030000 markers from BAM file
Extracting read information in 1040000 markers from BAM file
Extracting read information in 1050000 markers from BAM file
Extracting read information in 1060000 markers from BAM file
Extracting read information in 1070000 markers from BAM file
Extracting read information in 1080000 markers from BAM file
Extracting read information in 1090000 markers from BAM file
Extracting read information in 1100000 markers from BAM file
Extracting read information in 1110000 markers from BAM file
Extracting read information in 1120000 markers from BAM file
Extracting read information in 1130000 markers from BAM file
Extracting read information in 1140000 markers from BAM file
Extracting read information in 1150000 markers from BAM file
Extracting read information in 1160000 markers from BAM file
Extracting read information in 1170000 markers from BAM file
Extracting read information in 1180000 markers from BAM file
Extracting read information in 1190000 markers from BAM file
Extracting read information in 1200000 markers from BAM file
Extracting read information in 1210000 markers from BAM file
Extracting read information in 1220000 markers from BAM file
Extracting read information in 1230000 markers from BAM file
Extracting read information in 1240000 markers from BAM file
Extracting read information in 1250000 markers from BAM file
Extracting read information in 1260000 markers from BAM file
Extracting read information in 1270000 markers from BAM file
Extracting read information in 1280000 markers from BAM file
Extracting read information in 1290000 markers from BAM file
Extracting read information in 1300000 markers from BAM file
Extracting read information in 1310000 markers from BAM file
Extracting read information in 1320000 markers from BAM file
Extracting read information in 1330000 markers from BAM file
Extracting read information in 1340000 markers from BAM file
Extracting read information in 1350000 markers from BAM file
Extracting read information in 1360000 markers from BAM file
Extracting read information in 1370000 markers from BAM file
Extracting read information in 1380000 markers from BAM file
Extracting read information in 1390000 markers from BAM file
Extracting read information in 1400000 markers from BAM file
Extracting read information in 1410000 markers from BAM file
Extracting read information in 1420000 markers from BAM file
Extracting read information in 1430000 markers from BAM file
Extracting read information in 1440000 markers from BAM file
Extracting read information in 1450000 markers from BAM file
Extracting read information in 1460000 markers from BAM file
Extracting read information in 1470000 markers from BAM file
Extracting read information in 1480000 markers from BAM file
Extracting read information in 1490000 markers from BAM file
Extracting read information in 1500000 markers from BAM file
Extracting read information in 1510000 markers from BAM file
Extracting read information in 1520000 markers from BAM file
Extracting read information in 1530000 markers from BAM file
Extracting read information in 1540000 markers from BAM file
Extracting read information in 1550000 markers from BAM file
Extracting read information in 1560000 markers from BAM file
Extracting read information in 1570000 markers from BAM file
Extracting read information in 1580000 markers from BAM file
Extracting read information in 1590000 markers from BAM file
Extracting read information in 1600000 markers from BAM file
Extracting read information in 1610000 markers from BAM file
Extracting read information in 1620000 markers from BAM file
Extracting read information in 1630000 markers from BAM file
Extracting read information in 1640000 markers from BAM file
Extracting read information in 1650000 markers from BAM file
Extracting read information in 1660000 markers from BAM file
Extracting read information in 1670000 markers from BAM file
Extracting read information in 1680000 markers from BAM file
Extracting read information in 1690000 markers from BAM file
Extracting read information in 1700000 markers from BAM file
Extracting read information in 1710000 markers from BAM file
Extracting read information in 1720000 markers from BAM file
Extracting read information in 1730000 markers from BAM file
Extracting read information in 1740000 markers from BAM file
Extracting read information in 1750000 markers from BAM file
Extracting read information in 1760000 markers from BAM file
Extracting read information in 1770000 markers from BAM file
Extracting read information in 1780000 markers from BAM file
Extracting read information in 1790000 markers from BAM file
Extracting read information in 1800000 markers from BAM file
Extracting read information in 1810000 markers from BAM file
Extracting read information in 1820000 markers from BAM file
Extracting read information in 1830000 markers from BAM file
Extracting read information in 1840000 markers from BAM file
Extracting read information in 1850000 markers from BAM file
Extracting read information in 1860000 markers from BAM file
Extracting read information in 1870000 markers from BAM file
Extracting read information in 1880000 markers from BAM file
Extracting read information in 1890000 markers from BAM file
Extracting read information in 1900000 markers from BAM file
Extracting read information in 1910000 markers from BAM file
Extracting read information in 1920000 markers from BAM file
Extracting read information in 1930000 markers from BAM file
Extracting read information in 1940000 markers from BAM file
Extracting read information in 1950000 markers from BAM file
Extracting read information in 1960000 markers from BAM file
Extracting read information in 1970000 markers from BAM file
Extracting read information in 1980000 markers from BAM file
Extracting read information in 1990000 markers from BAM file
Extracting read information in 2000000 markers from BAM file
Extracting read information in 2010000 markers from BAM file
Extracting read information in 2020000 markers from BAM file
Extracting read information in 2030000 markers from BAM file
Extracting read information in 2040000 markers from BAM file
Extracting read information in 2050000 markers from BAM file
Extracting read information in 2060000 markers from BAM file
Extracting read information in 2070000 markers from BAM file
Extracting read information in 2080000 markers from BAM file
Extracting read information in 2090000 markers from BAM file
Extracting read information in 2100000 markers from BAM file
Extracting read information in 2110000 markers from BAM file
Extracting read information in 2120000 markers from BAM file
Extracting read information in 2130000 markers from BAM file
Extracting read information in 2140000 markers from BAM file
Extracting read information in 2150000 markers from BAM file
Extracting read information in 2160000 markers from BAM file
Extracting read information in 2170000 markers from BAM file
Extracting read information in 2180000 markers from BAM file
Extracting read information in 2190000 markers from BAM file
Extracting read information in 2200000 markers from BAM file
Extracting read information in 2210000 markers from BAM file
Extracting read information in 2220000 markers from BAM file
Extracting read information in 2230000 markers from BAM file
Extracting read information in 2240000 markers from BAM file
Extracting read information in 2250000 markers from BAM file
Extracting read information in 2260000 markers from BAM file
Extracting read information in 2270000 markers from BAM file
Extracting read information in 2280000 markers from BAM file
Extracting read information in 2290000 markers from BAM file
Extracting read information in 2300000 markers from BAM file
Extracting read information in 2310000 markers from BAM file
Extracting read information in 2320000 markers from BAM file
Extracting read information in 2330000 markers from BAM file
Extracting read information in 2340000 markers from BAM file
Extracting read information in 2350000 markers from BAM file
Extracting read information in 2360000 markers from BAM file
Extracting read information in 2370000 markers from BAM file
Extracting read information in 2380000 markers from BAM file
Extracting read information in 2390000 markers from BAM file
Extracting read information in 2400000 markers from BAM file
Extracting read information in 2410000 markers from BAM file
Extracting read information in 2420000 markers from BAM file
Extracting read information in 2430000 markers from BAM file
Extracting read information in 2440000 markers from BAM file
Extracting read information in 2450000 markers from BAM file
Extracting read information in 2460000 markers from BAM file
Extracting read information in 2470000 markers from BAM file
Extracting read information in 2480000 markers from BAM file
Extracting read information in 2490000 markers from BAM file
Extracting read information in 2500000 markers from BAM file
Extracting read information in 2510000 markers from BAM file
Extracting read information in 2520000 markers from BAM file
Extracting read information in 2530000 markers from BAM file
Extracting read information in 2540000 markers from BAM file
Extracting read information in 2550000 markers from BAM file
Extracting read information in 2560000 markers from BAM file
Extracting read information in 2570000 markers from BAM file
Extracting read information in 2580000 markers from BAM file
Extracting read information in 2590000 markers from BAM file
Extracting read information in 2600000 markers from BAM file
Extracting read information in 2610000 markers from BAM file
Extracting read information in 2620000 markers from BAM file
Extracting read information in 2630000 markers from BAM file
Extracting read information in 2640000 markers from BAM file
Extracting read information in 2650000 markers from BAM file
Extracting read information in 2660000 markers from BAM file
Extracting read information in 2670000 markers from BAM file
Extracting read information in 2680000 markers from BAM file
Extracting read information in 2690000 markers from BAM file
Extracting read information in 2700000 markers from BAM file
Extracting read information in 2710000 markers from BAM file
Extracting read information in 2720000 markers from BAM file
Extracting read information in 2730000 markers from BAM file
Extracting read information in 2740000 markers from BAM file
Extracting read information in 2750000 markers from BAM file
Extracting read information in 2760000 markers from BAM file
Finished extracting 6862922 bases in 2768356 markers from BAM file -- Avg Depth = 2.479
Finished Reading BAM file data/NA06994.alt_bwamem_GRCh38DH.20150826.CEU.exome.bam and VCF file data/hapmap_filtered.vcf.gz

Performing chip-free estimation of sample mixture at fixed reference bias parameters (1.000000, 0.500000, 0.000000)
double VerifyBamID::computeMixLLK( 0.000000 | 1.000000, 0.500000, 0.000000 ) = -1835386.344581 for readGroup -1
double VerifyBamID::computeMixLLK( 0.050000 | 1.000000, 0.500000, 0.000000 ) = -1862910.170063 for readGroup -1
double VerifyBamID::computeMixLLK( 0.100000 | 1.000000, 0.500000, 0.000000 ) = -1877194.175573 for readGroup -1
double VerifyBamID::computeMixLLK( 0.150000 | 1.000000, 0.500000, 0.000000 ) = -1886888.035867 for readGroup -1
double VerifyBamID::computeMixLLK( 0.200000 | 1.000000, 0.500000, 0.000000 ) = -1894861.606823 for readGroup -1
double VerifyBamID::computeMixLLK( 0.250000 | 1.000000, 0.500000, 0.000000 ) = -1901704.842157 for readGroup -1
double VerifyBamID::computeMixLLK( 0.300000 | 1.000000, 0.500000, 0.000000 ) = -1907234.444351 for readGroup -1
double VerifyBamID::computeMixLLK( 0.350000 | 1.000000, 0.500000, 0.000000 ) = -1910842.920929 for readGroup -1
double VerifyBamID::computeMixLLK( 0.400000 | 1.000000, 0.500000, 0.000000 ) = -1912309.108915 for readGroup -1
double VerifyBamID::computeMixLLK( 0.450000 | 1.000000, 0.500000, 0.000000 ) = -1912877.860041 for readGroup -1
double VerifyBamID::computeMixLLK( 0.025000 | 1.000000, 0.500000, 0.000000 ) = -1851181.338008 for readGroup -1
double VerifyBamID::computeMixLLK( 0.015451 | 1.000000, 0.500000, 0.000000 ) = -1845262.151488 for readGroup -1
double VerifyBamID::computeMixLLK( 0.009549 | 1.000000, 0.500000, 0.000000 ) = -1841175.631154 for readGroup -1
double VerifyBamID::computeMixLLK( 0.005902 | 1.000000, 0.500000, 0.000000 ) = -1838552.560633 for readGroup -1
double VerifyBamID::computeMixLLK( 0.003647 | 1.000000, 0.500000, 0.000000 ) = -1836971.621782 for readGroup -1
double VerifyBamID::computeMixLLK( 0.002254 | 1.000000, 0.500000, 0.000000 ) = -1836074.751961 for readGroup -1
double VerifyBamID::computeMixLLK( 0.001393 | 1.000000, 0.500000, 0.000000 ) = -1835600.420423 for readGroup -1
double VerifyBamID::computeMixLLK( 0.000861 | 1.000000, 0.500000, 0.000000 ) = -1835373.604547 for readGroup -1
double VerifyBamID::computeMixLLK( 0.000532 | 1.000000, 0.500000, 0.000000 ) = -1835285.647398 for readGroup -1
double VerifyBamID::computeMixLLK( 0.000329 | 1.000000, 0.500000, 0.000000 ) = -1835268.786150 for readGroup -1
double VerifyBamID::computeMixLLK( 0.000311 | 1.000000, 0.500000, 0.000000 ) = -1835269.366256 for readGroup -1
double VerifyBamID::computeMixLLK( 0.000351 | 1.000000, 0.500000, 0.000000 ) = -1835268.612610 for readGroup -1
double VerifyBamID::computeMixLLK( 0.000346 | 1.000000, 0.500000, 0.000000 ) = -1835268.602108 for readGroup -1
double VerifyBamID::computeMixLLK( 0.000347 | 1.000000, 0.500000, 0.000000 ) = -1835268.602085 for readGroup -1
double VerifyBamID::computeMixLLK( 0.000347 | 1.000000, 0.500000, 0.000000 ) = -1835268.602085 for readGroup -1
double VerifyBamID::computeMixLLK( 0.000347 | 1.000000, 0.500000, 0.000000 ) = -1835268.602085 for readGroup -1
Optimal per-sample fMix = 0.000347, LLK0 = 1835386.344581, LLK1 = 1835268.602085

calculating depth distribution
finished calculating depth distribution
Performing with-chip estimation of sample mixture at fixed reference bias parameter (1.000000, 0.500000, 0.000000)
Analysis finished on Fri May 30 12:12:35 2025

